C:\USERS\KWAK\GOOGLE 드라이브\LDPC\C CODE\LDPC\LDPC\X64\DEBUG\ALLOC.OBJ
C:\USERS\KWAK\GOOGLE 드라이브\LDPC\C CODE\LDPC\LDPC\X64\DEBUG\BLOCKIO.OBJ
C:\USERS\KWAK\GOOGLE 드라이브\LDPC\C CODE\LDPC\LDPC\X64\DEBUG\CHANNEL.OBJ
C:\USERS\KWAK\GOOGLE 드라이브\LDPC\C CODE\LDPC\LDPC\X64\DEBUG\CHECK.OBJ
C:\USERS\KWAK\GOOGLE 드라이브\LDPC\C CODE\LDPC\LDPC\X64\DEBUG\DEC.OBJ
C:\USERS\KWAK\GOOGLE 드라이브\LDPC\C CODE\LDPC\LDPC\X64\DEBUG\INTIO.OBJ
C:\USERS\KWAK\GOOGLE 드라이브\LDPC\C CODE\LDPC\LDPC\X64\DEBUG\MAIN2.OBJ
C:\USERS\KWAK\GOOGLE 드라이브\LDPC\C CODE\LDPC\LDPC\X64\DEBUG\MOD2SPARSE.OBJ
C:\USERS\KWAK\GOOGLE 드라이브\LDPC\C CODE\LDPC\LDPC\X64\DEBUG\OPEN.OBJ
C:\USERS\KWAK\GOOGLE 드라이브\LDPC\C CODE\LDPC\LDPC\X64\DEBUG\RAND.OBJ
C:\USERS\KWAK\GOOGLE 드라이브\LDPC\C CODE\LDPC\LDPC\X64\DEBUG\RCODE.OBJ
C:\USERS\KWAK\GOOGLE 드라이브\LDPC\C CODE\LDPC\LDPC\X64\DEBUG\VC110.PDB
C:\USERS\KWAK\GOOGLE 드라이브\LDPC\C CODE\LDPC\X64\DEBUG\LDPC.EXE
C:\USERS\KWAK\GOOGLE 드라이브\LDPC\C CODE\LDPC\X64\DEBUG\LDPC.PDB
C:\Users\kwak\Google 드라이브\LDPC\C code\ldpc\ldpc\x64\Debug\alloc.obj
C:\Users\kwak\Google 드라이브\LDPC\C code\ldpc\ldpc\x64\Debug\blockio.obj
C:\Users\kwak\Google 드라이브\LDPC\C code\ldpc\ldpc\x64\Debug\channel.obj
C:\Users\kwak\Google 드라이브\LDPC\C code\ldpc\ldpc\x64\Debug\check.obj
C:\Users\kwak\Google 드라이브\LDPC\C code\ldpc\ldpc\x64\Debug\dec.obj
C:\Users\kwak\Google 드라이브\LDPC\C code\ldpc\ldpc\x64\Debug\intio.obj
C:\Users\kwak\Google 드라이브\LDPC\C code\ldpc\ldpc\x64\Debug\main2.obj
C:\Users\kwak\Google 드라이브\LDPC\C code\ldpc\ldpc\x64\Debug\mod2sparse.obj
C:\Users\kwak\Google 드라이브\LDPC\C code\ldpc\ldpc\x64\Debug\open.obj
C:\Users\kwak\Google 드라이브\LDPC\C code\ldpc\ldpc\x64\Debug\rand.obj
C:\Users\kwak\Google 드라이브\LDPC\C code\ldpc\ldpc\x64\Debug\rcode.obj
C:\Users\kwak\Google 드라이브\LDPC\C code\ldpc\ldpc\x64\Debug\cl.command.1.tlog
C:\Users\kwak\Google 드라이브\LDPC\C code\ldpc\ldpc\x64\Debug\CL.read.1.tlog
C:\Users\kwak\Google 드라이브\LDPC\C code\ldpc\ldpc\x64\Debug\CL.write.1.tlog
C:\Users\kwak\Google 드라이브\LDPC\C code\ldpc\ldpc\x64\Debug\link-cvtres.read.1.tlog
C:\Users\kwak\Google 드라이브\LDPC\C code\ldpc\ldpc\x64\Debug\link-cvtres.write.1.tlog
C:\Users\kwak\Google 드라이브\LDPC\C code\ldpc\ldpc\x64\Debug\link-rc.read.1.tlog
C:\Users\kwak\Google 드라이브\LDPC\C code\ldpc\ldpc\x64\Debug\link-rc.write.1.tlog
C:\Users\kwak\Google 드라이브\LDPC\C code\ldpc\ldpc\x64\Debug\link.command.1.tlog
C:\Users\kwak\Google 드라이브\LDPC\C code\ldpc\ldpc\x64\Debug\link.read.1.tlog
C:\Users\kwak\Google 드라이브\LDPC\C code\ldpc\ldpc\x64\Debug\link.write.1.tlog
C:\Users\kwak\Google 드라이브\LDPC\C code\ldpc\ldpc\x64\Debug\vc110.idb
C:\Users\kwak\Google 드라이브\LDPC\C code\ldpc\ldpc\x64\Debug\vc110.pdb
C:\Users\kwak\Google 드라이브\LDPC\C code\ldpc\x64\Debug\ldpc.pdb
C:\Users\kwak\Google 드라이브\LDPC\C code\ldpc\x64\Debug\ldpc.exe
