c:\성준\ccl\ldpc\ldpc\ldpc\x64\release\vc142.pdb
c:\성준\ccl\ldpc\ldpc\ldpc\x64\release\rcode.obj
c:\성준\ccl\ldpc\ldpc\ldpc\x64\release\rand.obj
c:\성준\ccl\ldpc\ldpc\ldpc\x64\release\open.obj
c:\성준\ccl\ldpc\ldpc\ldpc\x64\release\mod2sparse.obj
c:\성준\ccl\ldpc\ldpc\ldpc\x64\release\main2.obj
c:\성준\ccl\ldpc\ldpc\ldpc\x64\release\intio.obj
c:\성준\ccl\ldpc\ldpc\ldpc\x64\release\dec.obj
c:\성준\ccl\ldpc\ldpc\ldpc\x64\release\check.obj
c:\성준\ccl\ldpc\ldpc\ldpc\x64\release\channel.obj
c:\성준\ccl\ldpc\ldpc\ldpc\x64\release\blockio.obj
c:\성준\ccl\ldpc\ldpc\ldpc\x64\release\alloc.obj
c:\성준\ccl\ldpc\ldpc\x64\release\ldpc.exe
c:\성준\ccl\ldpc\ldpc\x64\release\ldpc.pdb
c:\dna\bit injection\bit_inject_ldpc\ldpc\x64\release\alloc.obj
c:\dna\bit injection\bit_inject_ldpc\ldpc\x64\release\blockio.obj
c:\dna\bit injection\bit_inject_ldpc\ldpc\x64\release\channel.obj
c:\dna\bit injection\bit_inject_ldpc\ldpc\x64\release\check.obj
c:\dna\bit injection\bit_inject_ldpc\ldpc\x64\release\dec.obj
c:\dna\bit injection\bit_inject_ldpc\ldpc\x64\release\intio.obj
c:\dna\bit injection\bit_inject_ldpc\ldpc\x64\release\main2.obj
c:\dna\bit injection\bit_inject_ldpc\ldpc\x64\release\mod2sparse.obj
c:\dna\bit injection\bit_inject_ldpc\ldpc\x64\release\open.obj
c:\dna\bit injection\bit_inject_ldpc\ldpc\x64\release\rand.obj
c:\dna\bit injection\bit_inject_ldpc\ldpc\x64\release\rcode.obj
c:\dna\bit injection\bit_inject_ldpc\ldpc\x64\release\vc142.pdb
c:\dna\bit injection\bit_inject_ldpc\x64\release\ldpc.pdb
c:\dna\bit injection\bit_inject_ldpc\x64\release\ldpc.exe
c:\dna\bit injection\bit_inject_ldpc\ldpc\x64\release\ldpc.tlog\cl.command.1.tlog
c:\dna\bit injection\bit_inject_ldpc\ldpc\x64\release\ldpc.tlog\cl.read.1.tlog
c:\dna\bit injection\bit_inject_ldpc\ldpc\x64\release\ldpc.tlog\cl.write.1.tlog
c:\dna\bit injection\bit_inject_ldpc\ldpc\x64\release\ldpc.tlog\link.command.1.tlog
c:\dna\bit injection\bit_inject_ldpc\ldpc\x64\release\ldpc.tlog\link.read.1.tlog
c:\dna\bit injection\bit_inject_ldpc\ldpc\x64\release\ldpc.tlog\link.write.1.tlog
