빌드 시작: 2011-11-16 오후 1:29:18
     1>2 노드의 "E:\연구실 업무\LDPC자료\[04] LDPC simulation\ldpc\ldpc\ldpc.vcxproj" 프로젝트(rebuild 대상)입니다.
     1>_PrepareForClean:
         "Release\ldpc.lastbuildstate" 파일을 삭제하고 있습니다.
       InitializeBuildStatus:
         "Release\ldpc.unsuccessfulbuild"에 연결(touching)하고 있습니다.
       ClCompile:
         C:\Program Files (x86)\Microsoft Visual Studio 10.0\VC\bin\CL.exe /c /Zi /nologo /W3 /WX- /O2 /Oi /Oy- /GL /D _MBCS /Gm- /EHsc /MD /GS /Gy /fp:precise /Zc:wchar_t /Zc:forScope /Fo"Release\\" /Fd"Release\vc100.pdb" /Gd /TP /analyze- /errorReport:prompt alloc.cpp blockio.cpp channel.cpp check.cpp dec.cpp enc.cpp intio.cpp main.cpp mod2convert.cpp mod2dense.cpp mod2sparse.cpp open.cpp rand.cpp rcode.cpp
         alloc.cpp
         blockio.cpp
         channel.cpp
         check.cpp
         dec.cpp
         enc.cpp
         intio.cpp
         main.cpp
     1>main.cpp(9): fatal error C1083: 포함 파일을 열 수 없습니다. 'mpi.h': No such file or directory
         mod2convert.cpp
         mod2dense.cpp
         mod2sparse.cpp
         open.cpp
     1>open.cpp(55): warning C4996: 'fopen': This function or variable may be unsafe. Consider using fopen_s instead. To disable deprecation, use _CRT_SECURE_NO_WARNINGS. See online help for details.
                 C:\Program Files (x86)\Microsoft Visual Studio 10.0\VC\include\stdio.h(234) : 'fopen' 선언을 참조하십시오.
         rand.cpp
     1>rand.cpp(14): error C2065: 'VSL_BRNG_MT2203' : 선언되지 않은 식별자입니다.
     1>rand.cpp(21): error C2440: 'return' : 'void'에서 'int'(으)로 변환할 수 없습니다.
                 void 형식의 식을 다른 형식으로 변환할 수 없습니다.
     1>rand.cpp(27): error C2440: 'return' : 'void'에서 'int'(으)로 변환할 수 없습니다.
                 void 형식의 식을 다른 형식으로 변환할 수 없습니다.
     1>rand.cpp(33): error C2440: 'return' : 'void'에서 'int'(으)로 변환할 수 없습니다.
                 void 형식의 식을 다른 형식으로 변환할 수 없습니다.
     1>rand.cpp(39): error C3861: 'vslSaveStreamF': 식별자를 찾을 수 없습니다.
     1>rand.cpp(45): error C3861: 'vslLoadStreamF': 식별자를 찾을 수 없습니다.
     1>rand.cpp(51): error C2440: 'return' : 'void'에서 'int'(으)로 변환할 수 없습니다.
                 void 형식의 식을 다른 형식으로 변환할 수 없습니다.
     1>rand.cpp(57): error C3861: 'vslSaveStreamF': 식별자를 찾을 수 없습니다.
     1>rand.cpp(69): error C2440: '=' : 'void'에서 'int'(으)로 변환할 수 없습니다.
                 void 형식의 식을 다른 형식으로 변환할 수 없습니다.
     1>rand.cpp(77): error C2440: '=' : 'void'에서 'int'(으)로 변환할 수 없습니다.
                 void 형식의 식을 다른 형식으로 변환할 수 없습니다.
         rcode.cpp
     1>"E:\연구실 업무\LDPC자료\[04] LDPC simulation\ldpc\ldpc\ldpc.vcxproj" 프로젝트를 빌드했습니다(rebuild 대상). - 실패

빌드하지 못했습니다.

경과 시간: 00:00:00.84
