C:\Users\전보환\documents\visual studio 2010\Projects\ldpc\Debug\ldpc.pdb
C:\USERS\전보환\DOCUMENTS\VISUAL STUDIO 2010\PROJECTS\LDPC\LDPC\DEBUG\ALLOC.OBJ
C:\USERS\전보환\DOCUMENTS\VISUAL STUDIO 2010\PROJECTS\LDPC\LDPC\DEBUG\BLOCKIO.OBJ
C:\USERS\전보환\DOCUMENTS\VISUAL STUDIO 2010\PROJECTS\LDPC\LDPC\DEBUG\CHANNEL.OBJ
C:\USERS\전보환\DOCUMENTS\VISUAL STUDIO 2010\PROJECTS\LDPC\LDPC\DEBUG\CHECK.OBJ
C:\Users\전보환\documents\visual studio 2010\Projects\ldpc\ldpc\Debug\cl.command.1.tlog
C:\Users\전보환\documents\visual studio 2010\Projects\ldpc\ldpc\Debug\CL.read.1.tlog
C:\Users\전보환\documents\visual studio 2010\Projects\ldpc\ldpc\Debug\CL.write.1.tlog
C:\USERS\전보환\DOCUMENTS\VISUAL STUDIO 2010\PROJECTS\LDPC\LDPC\DEBUG\DEC.OBJ
C:\USERS\전보환\DOCUMENTS\VISUAL STUDIO 2010\PROJECTS\LDPC\LDPC\DEBUG\ENC.OBJ
C:\USERS\전보환\DOCUMENTS\VISUAL STUDIO 2010\PROJECTS\LDPC\LDPC\DEBUG\INTIO.OBJ
C:\Users\전보환\documents\visual studio 2010\Projects\ldpc\ldpc\Debug\ldpc.exe.intermediate.manifest
C:\Users\전보환\documents\visual studio 2010\Projects\ldpc\ldpc\Debug\link.command.1.tlog
C:\Users\전보환\documents\visual studio 2010\Projects\ldpc\ldpc\Debug\link.read.1.tlog
C:\Users\전보환\documents\visual studio 2010\Projects\ldpc\ldpc\Debug\link.write.1.tlog
C:\USERS\전보환\DOCUMENTS\VISUAL STUDIO 2010\PROJECTS\LDPC\LDPC\DEBUG\MAIN.OBJ
C:\USERS\전보환\DOCUMENTS\VISUAL STUDIO 2010\PROJECTS\LDPC\LDPC\DEBUG\MOD2CONVERT.OBJ
C:\USERS\전보환\DOCUMENTS\VISUAL STUDIO 2010\PROJECTS\LDPC\LDPC\DEBUG\MOD2DENSE.OBJ
C:\USERS\전보환\DOCUMENTS\VISUAL STUDIO 2010\PROJECTS\LDPC\LDPC\DEBUG\MOD2SPARSE.OBJ
C:\USERS\전보환\DOCUMENTS\VISUAL STUDIO 2010\PROJECTS\LDPC\LDPC\DEBUG\OPEN.OBJ
C:\USERS\전보환\DOCUMENTS\VISUAL STUDIO 2010\PROJECTS\LDPC\LDPC\DEBUG\RAND.OBJ
C:\USERS\전보환\DOCUMENTS\VISUAL STUDIO 2010\PROJECTS\LDPC\LDPC\DEBUG\RCODE.OBJ
C:\Users\전보환\documents\visual studio 2010\Projects\ldpc\ldpc\Debug\vc100.idb
C:\USERS\전보환\DOCUMENTS\VISUAL STUDIO 2010\PROJECTS\LDPC\LDPC\DEBUG\VC100.PDB
